<?xml version="1.0" encoding="UTF-8"?>
<testng-results ignored="0" total="1" passed="1" failed="0" skipped="0">
  <reporter-output>
  </reporter-output>
  <suite started-at="2023-07-27T20:44:32 EDT" name="Default suite" finished-at="2023-07-27T20:44:38 EDT" duration-ms="6010">
    <groups>
    </groups>
    <test started-at="2023-07-27T20:44:32 EDT" name="Default test" finished-at="2023-07-27T20:44:38 EDT" duration-ms="6010">
      <class name="mylambton_webtest.HomeTest">
        <test-method is-config="true" signature="beforeMethod()[pri:0, instance:mylambton_webtest.HomeTest@783a467b]" started-at="2023-07-27T20:44:32 EDT" name="beforeMethod" finished-at="2023-07-27T20:44:32 EDT" duration-ms="14" status="PASS">
          <reporter-output>
          </reporter-output>
        </test-method> <!-- beforeMethod -->
        <test-method signature="login()[pri:0, instance:mylambton_webtest.HomeTest@783a467b]" started-at="2023-07-27T20:44:32 EDT" name="login" finished-at="2023-07-27T20:44:37 EDT" duration-ms="5674" status="PASS">
          <reporter-output>
          </reporter-output>
        </test-method> <!-- login -->
        <test-method is-config="true" signature="afterMethod()[pri:0, instance:mylambton_webtest.HomeTest@783a467b]" started-at="2023-07-27T20:44:37 EDT" name="afterMethod" finished-at="2023-07-27T20:44:38 EDT" duration-ms="246" status="PASS">
          <reporter-output>
          </reporter-output>
        </test-method> <!-- afterMethod -->
      </class> <!-- mylambton_webtest.HomeTest -->
    </test> <!-- Default test -->
  </suite> <!-- Default suite -->
</testng-results>
